<?xml version="1.0" encoding="UTF-8"?>
<!-- Generated by org.testng.reporters.JUnitXMLReporter -->
<testsuite ignored="0" hostname="DESKTOP-0LSDKFB" failures="0" tests="6" name="Surefire test" time="116.802" errors="0" timestamp="2024-02-12T14:35:34 COT">
  <testcase classname="io.cucumber.testng.AbstractTestNGCucumberTests" name="runScenario" time="32.798"/>
  <testcase classname="org.example.ErrorValidationTest" name="ProductErrorValidation" time="13.957"/>
  <testcase classname="org.example.ErrorValidationTest" name="loginErrorValidation" time="0.7"/>
  <testcase classname="org.example.SubmitOrderTest" name="submitOrder" time="14.559"/>
  <testcase classname="org.example.SubmitOrderTest" name="submitOrder" time="15.084"/>
  <testcase classname="org.example.SubmitOrderTest" name="OrderHistoryTest" time="1.251"/>
</testsuite> <!-- Surefire test -->
