<?xml version="1.0" encoding="UTF-8"?>
<!-- Generated by org.testng.reporters.JUnitXMLReporter -->
<testsuite ignored="0" hostname="DESKTOP-0LSDKFB" failures="0" tests="2" name="Error Validations Test" time="32.047" errors="0" timestamp="2024-02-13T10:12:44 COT">
  <testcase classname="org.example.ErrorValidationTest" name="ProductErrorValidation" time="14.823"/>
  <testcase classname="org.example.ErrorValidationTest" name="loginErrorValidation" time="4.554"/>
</testsuite> <!-- Error Validations Test -->
